<?xml version="1.0" encoding="utf-8"?><testsuites name="pytest tests"><testsuite name="pytest" errors="0" failures="0" skipped="0" tests="19" time="47.044" timestamp="2026-05-12T12:40:35.862070+00:00" hostname="agent-env-f6c25913-68a2-4d93-a598-75b1c138cf86"><testcase classname="backend.tests.test_multilingual.TestSubscribers" name="test_public_signup_default_language_fr" time="41.254" /><testcase classname="backend.tests.test_multilingual.TestSubscribers" name="test_public_signup_explicit_language_en" time="0.148" /><testcase classname="backend.tests.test_multilingual.TestSubscribers" name="test_public_signup_updates_language_on_existing" time="0.208" /><testcase classname="backend.tests.test_multilingual.TestSubscribers" name="test_admin_add_with_language" time="0.153" /><testcase classname="backend.tests.test_multilingual.TestSubscribers" name="test_admin_add_default_language_fr" time="0.152" /><testcase classname="backend.tests.test_multilingual.TestSubscribers" name="test_patch_subscriber_language" time="0.345" /><testcase classname="backend.tests.test_multilingual.TestSubscribers" name="test_patch_subscriber_invalid_language_rejected" time="0.236" /><testcase classname="backend.tests.test_multilingual.TestSubscribers" name="test_patch_newsletter_flag" time="0.535" /><testcase classname="backend.tests.test_multilingual.TestSubscribers" name="test_get_subscribers_always_includes_language" time="0.122" /><testcase classname="backend.tests.test_multilingual.TestFounderMultilingual" name="test_get_returns_per_language_shape" time="0.084" /><testcase classname="backend.tests.test_multilingual.TestFounderMultilingual" name="test_put_persists_all_lang_fields" time="0.165" /><testcase classname="backend.tests.test_multilingual.TestFounderMultilingual" name="test_put_empty_body_saves_empty_strings" time="0.156" /><testcase classname="backend.tests.test_multilingual.TestFounderMultilingual" name="test_legacy_fallback_to_fr_and_en" time="0.074" /><testcase classname="backend.tests.test_multilingual.TestNewsletterGenerateLang" name="test_generate_fr" time="0.169" /><testcase classname="backend.tests.test_multilingual.TestNewsletterGenerateLang" name="test_generate_en" time="0.155" /><testcase classname="backend.tests.test_multilingual.TestNewsletterGenerateLang" name="test_generate_fa" time="0.153" /><testcase classname="backend.tests.test_multilingual.TestNewsletterGenerateLang" name="test_fa_intro_fallback_to_fr" time="0.141" /><testcase classname="backend.tests.test_multilingual.TestNewsletterGenerateLang" name="test_generate_default_lang_is_fr" time="0.154" /><testcase classname="backend.tests.test_multilingual.TestSendMultilingual" name="test_send_multilingual_segments_correctly" time="2.485" /></testsuite></testsuites>