<?xml version="1.0" encoding="utf-8"?><testsuites name="pytest tests"><testsuite name="pytest" errors="0" failures="0" skipped="0" tests="17" time="38.417" timestamp="2026-05-21T16:29:50.787408+00:00" hostname="agent-env-f6c25913-68a2-4d93-a598-75b1c138cf86"><testcase classname="backend.tests.test_editorial_policy.TestSanitizeEditorial" name="test_strip_ncri_sentence" time="0.380" /><testcase classname="backend.tests.test_editorial_policy.TestSanitizeEditorial" name="test_strip_mek_sentence" time="0.000" /><testcase classname="backend.tests.test_editorial_policy.TestSanitizeEditorial" name="test_strip_iran_international" time="0.000" /><testcase classname="backend.tests.test_editorial_policy.TestSanitizeEditorial" name="test_strip_rajavi" time="0.000" /><testcase classname="backend.tests.test_editorial_policy.TestSanitizeEditorial" name="test_strip_mojahedin" time="0.000" /><testcase classname="backend.tests.test_editorial_policy.TestSanitizeEditorial" name="test_regime_prefix_tasnim" time="0.000" /><testcase classname="backend.tests.test_editorial_policy.TestSanitizeEditorial" name="test_regime_prefix_fars" time="0.000" /><testcase classname="backend.tests.test_editorial_policy.TestSanitizeEditorial" name="test_no_double_prefix_state_media" time="0.000" /><testcase classname="backend.tests.test_editorial_policy.TestSanitizeEditorial" name="test_no_double_prefix_regime_controlled" time="0.000" /><testcase classname="backend.tests.test_editorial_policy.TestSanitizeEditorial" name="test_idempotent" time="0.000" /><testcase classname="backend.tests.test_editorial_policy.TestSanitizeEditorial" name="test_empty_and_none" time="0.000" /><testcase classname="backend.tests.test_editorial_policy.TestRssRegimeFlag" name="test_get_feeds_returns_regime_flag" time="36.388" /><testcase classname="backend.tests.test_editorial_policy.TestRssRegimeFlag" name="test_tasnim_and_fars_seeded_as_regime" time="0.108" /><testcase classname="backend.tests.test_editorial_policy.TestRssRegimeFlag" name="test_create_feed_persists_regime_flag" time="0.391" /><testcase classname="backend.tests.test_editorial_policy.TestRssRegimeFlag" name="test_update_feed_toggle_regime_flag" time="0.801" /><testcase classname="backend.tests.test_editorial_policy.TestDashboardEditorial" name="test_dashboard_no_ncri_phrase" time="0.133" /><testcase classname="backend.tests.test_editorial_policy.TestSignalsRegression" name="test_signals_list_responds" time="0.127" /></testsuite></testsuites>