<?xml version="1.0" encoding="utf-8"?><testsuites name="pytest tests"><testsuite name="pytest" errors="0" failures="0" skipped="0" tests="43" time="58.584" timestamp="2026-05-12T12:42:09.956184+00:00" hostname="agent-env-f6c25913-68a2-4d93-a598-75b1c138cf86"><testcase classname="backend.tests.backend_test.TestAuthAndRegression" name="test_login_success" time="12.067" /><testcase classname="backend.tests.backend_test.TestAuthAndRegression" name="test_login_invalid" time="8.663" /><testcase classname="backend.tests.backend_test.TestAuthAndRegression" name="test_auth_me" time="0.351" /><testcase classname="backend.tests.backend_test.TestAuthAndRegression" name="test_articles_public_list" time="0.066" /><testcase classname="backend.tests.backend_test.TestAuthAndRegression" name="test_subscribers_admin_list" time="0.066" /><testcase classname="backend.tests.backend_test.TestGridFSUploadServe" name="test_upload_image_requires_auth" time="0.177" /><testcase classname="backend.tests.backend_test.TestGridFSUploadServe" name="test_upload_pdf_requires_auth" time="0.218" /><testcase classname="backend.tests.backend_test.TestGridFSUploadServe" name="test_image_roundtrip" time="0.129" /><testcase classname="backend.tests.backend_test.TestGridFSUploadServe" name="test_pdf_roundtrip" time="0.127" /><testcase classname="backend.tests.backend_test.TestGridFSUploadServe" name="test_files_nonexistent_returns_404" time="0.061" /><testcase classname="backend.tests.backend_test.TestGridFSUploadServe" name="test_upload_rejects_invalid_image_extension" time="29.251" /><testcase classname="backend.tests.backend_test.TestUnsubscribe" name="test_subscribe_then_unsubscribe_flips_flag" time="0.252" /><testcase classname="backend.tests.backend_test.TestUnsubscribe" name="test_unsubscribe_missing_email" time="0.064" /><testcase classname="backend.tests.backend_test.TestUnsubscribe" name="test_unsubscribe_invalid_email" time="0.071" /><testcase classname="backend.tests.backend_test.TestFounderSettings" name="test_get_requires_auth" time="0.214" /><testcase classname="backend.tests.backend_test.TestFounderSettings" name="test_put_requires_auth" time="0.137" /><testcase classname="backend.tests.backend_test.TestFounderSettings" name="test_get_returns_struct" time="0.066" /><testcase classname="backend.tests.backend_test.TestFounderSettings" name="test_put_persists" time="0.122" /><testcase classname="backend.tests.backend_test.TestNewsletterGenerate" name="test_generate_requires_auth" time="0.130" /><testcase classname="backend.tests.backend_test.TestNewsletterGenerate" name="test_logo_height_100px" time="0.064" /><testcase classname="backend.tests.backend_test.TestNewsletterGenerate" name="test_contains_api_unsubscribe_link" time="0.072" /><testcase classname="backend.tests.backend_test.TestNewsletterGenerate" name="test_founder_block_disabled" time="0.134" /><testcase classname="backend.tests.backend_test.TestNewsletterGenerate" name="test_founder_block_enabled" time="0.126" /><testcase classname="backend.tests.backend_test.TestNewsletterGenerate" name="test_subscribe_email_contains_api_unsubscribe" time="0.062" /><testcase classname="backend.tests.test_multilingual.TestSubscribers" name="test_public_signup_default_language_fr" time="0.577" /><testcase classname="backend.tests.test_multilingual.TestSubscribers" name="test_public_signup_explicit_language_en" time="0.133" /><testcase classname="backend.tests.test_multilingual.TestSubscribers" name="test_public_signup_updates_language_on_existing" time="0.230" /><testcase classname="backend.tests.test_multilingual.TestSubscribers" name="test_admin_add_with_language" time="0.130" /><testcase classname="backend.tests.test_multilingual.TestSubscribers" name="test_admin_add_default_language_fr" time="0.124" /><testcase classname="backend.tests.test_multilingual.TestSubscribers" name="test_patch_subscriber_language" time="0.264" /><testcase classname="backend.tests.test_multilingual.TestSubscribers" name="test_patch_subscriber_invalid_language_rejected" time="0.184" /><testcase classname="backend.tests.test_multilingual.TestSubscribers" name="test_patch_newsletter_flag" time="0.253" /><testcase classname="backend.tests.test_multilingual.TestSubscribers" name="test_get_subscribers_always_includes_language" time="0.069" /><testcase classname="backend.tests.test_multilingual.TestFounderMultilingual" name="test_get_returns_per_language_shape" time="0.064" /><testcase classname="backend.tests.test_multilingual.TestFounderMultilingual" name="test_put_persists_all_lang_fields" time="0.134" /><testcase classname="backend.tests.test_multilingual.TestFounderMultilingual" name="test_put_empty_body_saves_empty_strings" time="0.121" /><testcase classname="backend.tests.test_multilingual.TestFounderMultilingual" name="test_legacy_fallback_to_fr_and_en" time="0.064" /><testcase classname="backend.tests.test_multilingual.TestNewsletterGenerateLang" name="test_generate_fr" time="0.133" /><testcase classname="backend.tests.test_multilingual.TestNewsletterGenerateLang" name="test_generate_en" time="0.126" /><testcase classname="backend.tests.test_multilingual.TestNewsletterGenerateLang" name="test_generate_fa" time="0.133" /><testcase classname="backend.tests.test_multilingual.TestNewsletterGenerateLang" name="test_fa_intro_fallback_to_fr" time="0.138" /><testcase classname="backend.tests.test_multilingual.TestNewsletterGenerateLang" name="test_generate_default_lang_is_fr" time="0.122" /><testcase classname="backend.tests.test_multilingual.TestSendMultilingual" name="test_send_multilingual_segments_correctly" time="2.720" /></testsuite></testsuites>