<?xml version="1.0" encoding="utf-8"?><testsuites name="pytest tests"><testsuite name="pytest" errors="0" failures="0" skipped="0" tests="70" time="57.495" timestamp="2026-05-21T14:25:05.299594+00:00" hostname="agent-env-f6c25913-68a2-4d93-a598-75b1c138cf86"><testcase classname="backend.tests.backend_test.TestAuthAndRegression" name="test_login_success" time="25.305" /><testcase classname="backend.tests.backend_test.TestAuthAndRegression" name="test_login_invalid" time="0.294" /><testcase classname="backend.tests.backend_test.TestAuthAndRegression" name="test_auth_me" time="0.353" /><testcase classname="backend.tests.backend_test.TestAuthAndRegression" name="test_articles_public_list" time="0.078" /><testcase classname="backend.tests.backend_test.TestAuthAndRegression" name="test_subscribers_admin_list" time="0.066" /><testcase classname="backend.tests.backend_test.TestGridFSUploadServe" name="test_upload_image_requires_auth" time="0.150" /><testcase classname="backend.tests.backend_test.TestGridFSUploadServe" name="test_upload_pdf_requires_auth" time="0.140" /><testcase classname="backend.tests.backend_test.TestGridFSUploadServe" name="test_image_roundtrip" time="0.141" /><testcase classname="backend.tests.backend_test.TestGridFSUploadServe" name="test_pdf_roundtrip" time="0.143" /><testcase classname="backend.tests.backend_test.TestGridFSUploadServe" name="test_files_nonexistent_returns_404" time="0.060" /><testcase classname="backend.tests.backend_test.TestGridFSUploadServe" name="test_upload_rejects_invalid_image_extension" time="0.077" /><testcase classname="backend.tests.backend_test.TestUnsubscribe" name="test_subscribe_then_unsubscribe_flips_flag" time="0.279" /><testcase classname="backend.tests.backend_test.TestUnsubscribe" name="test_unsubscribe_missing_email" time="0.075" /><testcase classname="backend.tests.backend_test.TestUnsubscribe" name="test_unsubscribe_invalid_email" time="0.068" /><testcase classname="backend.tests.backend_test.TestFounderSettings" name="test_get_requires_auth" time="0.177" /><testcase classname="backend.tests.backend_test.TestFounderSettings" name="test_put_requires_auth" time="0.099" /><testcase classname="backend.tests.backend_test.TestFounderSettings" name="test_get_returns_struct" time="0.061" /><testcase classname="backend.tests.backend_test.TestFounderSettings" name="test_put_persists" time="0.137" /><testcase classname="backend.tests.backend_test.TestNewsletterGenerate" name="test_generate_requires_auth" time="0.975" /><testcase classname="backend.tests.backend_test.TestNewsletterGenerate" name="test_logo_height_100px" time="0.077" /><testcase classname="backend.tests.backend_test.TestNewsletterGenerate" name="test_contains_api_unsubscribe_link" time="0.063" /><testcase classname="backend.tests.backend_test.TestNewsletterGenerate" name="test_founder_block_disabled" time="0.128" /><testcase classname="backend.tests.backend_test.TestNewsletterGenerate" name="test_founder_block_enabled" time="0.127" /><testcase classname="backend.tests.backend_test.TestNewsletterGenerate" name="test_subscribe_email_contains_api_unsubscribe" time="0.078" /><testcase classname="backend.tests.test_multilingual.TestSubscribers" name="test_public_signup_default_language_fr" time="0.630" /><testcase classname="backend.tests.test_multilingual.TestSubscribers" name="test_public_signup_explicit_language_en" time="0.120" /><testcase classname="backend.tests.test_multilingual.TestSubscribers" name="test_public_signup_updates_language_on_existing" time="0.176" /><testcase classname="backend.tests.test_multilingual.TestSubscribers" name="test_admin_add_with_language" time="0.135" /><testcase classname="backend.tests.test_multilingual.TestSubscribers" name="test_admin_add_default_language_fr" time="0.129" /><testcase classname="backend.tests.test_multilingual.TestSubscribers" name="test_patch_subscriber_language" time="0.258" /><testcase classname="backend.tests.test_multilingual.TestSubscribers" name="test_patch_subscriber_invalid_language_rejected" time="0.187" /><testcase classname="backend.tests.test_multilingual.TestSubscribers" name="test_patch_newsletter_flag" time="0.261" /><testcase classname="backend.tests.test_multilingual.TestSubscribers" name="test_get_subscribers_always_includes_language" time="0.064" /><testcase classname="backend.tests.test_multilingual.TestFounderMultilingual" name="test_get_returns_per_language_shape" time="0.064" /><testcase classname="backend.tests.test_multilingual.TestFounderMultilingual" name="test_put_persists_all_lang_fields" time="0.128" /><testcase classname="backend.tests.test_multilingual.TestFounderMultilingual" name="test_put_empty_body_saves_empty_strings" time="0.130" /><testcase classname="backend.tests.test_multilingual.TestFounderMultilingual" name="test_legacy_fallback_to_fr_and_en" time="0.065" /><testcase classname="backend.tests.test_multilingual.TestNewsletterGenerateLang" name="test_generate_fr" time="0.149" /><testcase classname="backend.tests.test_multilingual.TestNewsletterGenerateLang" name="test_generate_en" time="0.148" /><testcase classname="backend.tests.test_multilingual.TestNewsletterGenerateLang" name="test_generate_fa" time="0.135" /><testcase classname="backend.tests.test_multilingual.TestNewsletterGenerateLang" name="test_fa_intro_fallback_to_fr" time="0.128" /><testcase classname="backend.tests.test_multilingual.TestNewsletterGenerateLang" name="test_generate_default_lang_is_fr" time="0.126" /><testcase classname="backend.tests.test_multilingual.TestSendMultilingual" name="test_send_multilingual_segments_correctly" time="2.245" /><testcase classname="backend.tests.test_seo.TestBackfillSlugs" name="test_backfill_endpoint" time="0.463" /><testcase classname="backend.tests.test_seo.TestBackfillSlugs" name="test_backfill_idempotent" time="0.060" /><testcase classname="backend.tests.test_seo.TestBackfillSlugs" name="test_backfill_requires_auth" time="0.119" /><testcase classname="backend.tests.test_seo.TestArticleLookup" name="test_slug_lookup_existing" time="0.078" /><testcase classname="backend.tests.test_seo.TestArticleLookup" name="test_slug_lookup_404" time="0.060" /><testcase classname="backend.tests.test_seo.TestArticleLookup" name="test_objectid_backward_compat" time="0.131" /><testcase classname="backend.tests.test_seo.TestCreateAutoSlug" name="test_create_auto_slug" time="0.061" /><testcase classname="backend.tests.test_seo.TestCreateAutoSlug" name="test_auto_slug_uniqueness" time="0.145" /><testcase classname="backend.tests.test_seo.TestUpdatePreservesSlug" name="test_status_change_preserves_slug" time="0.224" /><testcase classname="backend.tests.test_seo.TestUpdatePreservesSlug" name="test_explicit_slug_sanitized" time="0.198" /><testcase classname="backend.tests.test_seo.TestSEOGenerate" name="test_generate_seo_meta" time="3.914" /><testcase classname="backend.tests.test_seo.TestSEOScore" name="test_score_returns_shape" time="0.135" /><testcase classname="backend.tests.test_seo.TestRelated" name="test_related_excludes_self" time="0.201" /><testcase classname="backend.tests.test_seo.TestCategoriesAndTags" name="test_categories" time="0.070" /><testcase classname="backend.tests.test_seo.TestCategoriesAndTags" name="test_tags" time="0.064" /><testcase classname="backend.tests.test_seo.TestArticlesByHub" name="test_articles_by_category" time="0.150" /><testcase classname="backend.tests.test_seo.TestArticlesByHub" name="test_articles_by_tag" time="0.124" /><testcase classname="backend.tests.test_seo.TestArticlesByHub" name="test_articles_by_tag_unknown" time="0.067" /><testcase classname="backend.tests.test_seo.TestSuggestAngles" name="test_suggest_angles" time="14.990" /><testcase classname="backend.tests.test_seo.TestSitemaps" name="test_main_sitemap" time="0.089" /><testcase classname="backend.tests.test_seo.TestSitemaps" name="test_news_sitemap" time="0.078" /><testcase classname="backend.tests.test_seo.TestRegression" name="test_articles_list" time="0.067" /><testcase classname="backend.tests.test_seo.TestRegression" name="test_unsubscribe" time="0.062" /><testcase classname="backend.tests.test_seo.TestRegression" name="test_founder_settings" time="0.078" /><testcase classname="backend.tests.test_seo.TestRegression" name="test_subscribers_list" time="0.059" /><testcase classname="backend.tests.test_seo.TestRegression" name="test_newsletter_generate_fr" time="0.070" /><testcase classname="backend.tests.test_seo.TestRegression" name="test_newsletter_generate_en" time="1.086" /></testsuite></testsuites>