<?xml version="1.0" encoding="utf-8"?><testsuites name="pytest tests"><testsuite name="pytest" errors="0" failures="0" skipped="0" tests="24" time="30.772" timestamp="2026-05-11T22:37:18.515358+00:00" hostname="agent-env-f6c25913-68a2-4d93-a598-75b1c138cf86"><testcase classname="backend.tests.backend_test.TestAuthAndRegression" name="test_login_success" time="27.716" /><testcase classname="backend.tests.backend_test.TestAuthAndRegression" name="test_login_invalid" time="0.277" /><testcase classname="backend.tests.backend_test.TestAuthAndRegression" name="test_auth_me" time="0.327" /><testcase classname="backend.tests.backend_test.TestAuthAndRegression" name="test_articles_public_list" time="0.052" /><testcase classname="backend.tests.backend_test.TestAuthAndRegression" name="test_subscribers_admin_list" time="0.054" /><testcase classname="backend.tests.backend_test.TestGridFSUploadServe" name="test_upload_image_requires_auth" time="0.170" /><testcase classname="backend.tests.backend_test.TestGridFSUploadServe" name="test_upload_pdf_requires_auth" time="0.135" /><testcase classname="backend.tests.backend_test.TestGridFSUploadServe" name="test_image_roundtrip" time="0.101" /><testcase classname="backend.tests.backend_test.TestGridFSUploadServe" name="test_pdf_roundtrip" time="0.095" /><testcase classname="backend.tests.backend_test.TestGridFSUploadServe" name="test_files_nonexistent_returns_404" time="0.049" /><testcase classname="backend.tests.backend_test.TestGridFSUploadServe" name="test_upload_rejects_invalid_image_extension" time="0.049" /><testcase classname="backend.tests.backend_test.TestUnsubscribe" name="test_subscribe_then_unsubscribe_flips_flag" time="0.190" /><testcase classname="backend.tests.backend_test.TestUnsubscribe" name="test_unsubscribe_missing_email" time="0.046" /><testcase classname="backend.tests.backend_test.TestUnsubscribe" name="test_unsubscribe_invalid_email" time="0.045" /><testcase classname="backend.tests.backend_test.TestFounderSettings" name="test_get_requires_auth" time="0.141" /><testcase classname="backend.tests.backend_test.TestFounderSettings" name="test_put_requires_auth" time="0.122" /><testcase classname="backend.tests.backend_test.TestFounderSettings" name="test_get_returns_struct" time="0.049" /><testcase classname="backend.tests.backend_test.TestFounderSettings" name="test_put_persists" time="0.094" /><testcase classname="backend.tests.backend_test.TestNewsletterGenerate" name="test_generate_requires_auth" time="0.104" /><testcase classname="backend.tests.backend_test.TestNewsletterGenerate" name="test_logo_height_100px" time="0.052" /><testcase classname="backend.tests.backend_test.TestNewsletterGenerate" name="test_contains_api_unsubscribe_link" time="0.048" /><testcase classname="backend.tests.backend_test.TestNewsletterGenerate" name="test_founder_block_disabled" time="0.097" /><testcase classname="backend.tests.backend_test.TestNewsletterGenerate" name="test_founder_block_enabled" time="0.108" /><testcase classname="backend.tests.backend_test.TestNewsletterGenerate" name="test_subscribe_email_contains_api_unsubscribe" time="0.459" /></testsuite></testsuites>