<?xml version="1.0" encoding="utf-8"?><testsuites name="pytest tests"><testsuite name="pytest" errors="0" failures="0" skipped="0" tests="19" time="0.540" timestamp="2026-05-21T16:56:58.403382+00:00" hostname="agent-env-f6c25913-68a2-4d93-a598-75b1c138cf86"><testcase classname="backend.tests.test_editorial_pages" name="test_sitemap_contains_editorial_path[/a-propos]" time="0.170" /><testcase classname="backend.tests.test_editorial_pages" name="test_sitemap_contains_editorial_path[/methodologie]" time="0.000" /><testcase classname="backend.tests.test_editorial_pages" name="test_sitemap_contains_editorial_path[/manifeste]" time="0.000" /><testcase classname="backend.tests.test_editorial_pages" name="test_sitemap_hreflang_for_editorial[fr-/a-propos]" time="0.000" /><testcase classname="backend.tests.test_editorial_pages" name="test_sitemap_hreflang_for_editorial[fr-/methodologie]" time="0.000" /><testcase classname="backend.tests.test_editorial_pages" name="test_sitemap_hreflang_for_editorial[fr-/manifeste]" time="0.000" /><testcase classname="backend.tests.test_editorial_pages" name="test_sitemap_hreflang_for_editorial[en-/a-propos]" time="0.000" /><testcase classname="backend.tests.test_editorial_pages" name="test_sitemap_hreflang_for_editorial[en-/methodologie]" time="0.000" /><testcase classname="backend.tests.test_editorial_pages" name="test_sitemap_hreflang_for_editorial[en-/manifeste]" time="0.000" /><testcase classname="backend.tests.test_editorial_pages" name="test_sitemap_hreflang_for_editorial[fa-/a-propos]" time="0.000" /><testcase classname="backend.tests.test_editorial_pages" name="test_sitemap_hreflang_for_editorial[fa-/methodologie]" time="0.000" /><testcase classname="backend.tests.test_editorial_pages" name="test_sitemap_hreflang_for_editorial[fa-/manifeste]" time="0.000" /><testcase classname="backend.tests.test_editorial_pages" name="test_sitemap_xdefault_for_editorial" time="0.000" /><testcase classname="backend.tests.test_editorial_pages" name="test_sitemap_existing_routes_still_present[/]" time="0.000" /><testcase classname="backend.tests.test_editorial_pages" name="test_sitemap_existing_routes_still_present[/articles]" time="0.000" /><testcase classname="backend.tests.test_editorial_pages" name="test_sitemap_existing_routes_still_present[/studies]" time="0.000" /><testcase classname="backend.tests.test_editorial_pages" name="test_sitemap_existing_routes_still_present[/monitor]" time="0.000" /><testcase classname="backend.tests.test_editorial_pages" name="test_api_articles_listing" time="0.138" /><testcase classname="backend.tests.test_editorial_pages" name="test_news_sitemap_still_works" time="0.163" /></testsuite></testsuites>